<?xml version="1.0" encoding="UTF-8"?>
<!-- Generated by org.testng.reporters.JUnitReportReporter -->
<testsuite hostname="LIN-PG02NGHQ" failures="0" tests="2" name="StepPackage.ExcelSheetData" time="28.059" errors="0" timestamp="2024-04-02T13:54:39 IST" skipped="0">
  <testcase classname="StepPackage.ExcelSheetData" name="MobileDetails" time="14.114"/>
  <system-out/>
  <testcase classname="StepPackage.ExcelSheetData" name="MobileDetails" time="13.945"/>
  <system-out/>
</testsuite> <!-- StepPackage.ExcelSheetData -->
