<?xml version="1.0" encoding="UTF-8"?>
<!-- Generated by org.testng.reporters.JUnitReportReporter -->
<testsuite hostname="LIN-PG02NGHQ" failures="0" tests="1" name="RunnerPackage.RunnerSample" time="15.959" errors="0" timestamp="2024-04-01T12:57:37 IST" skipped="0">
  <testcase classname="RunnerPackage.RunnerSample" name="runScenario" time="15.959"/>
  <system-out/>
</testsuite> <!-- RunnerPackage.RunnerSample -->
