<?xml version="1.0" encoding="UTF-8"?>
<!-- Generated by org.testng.reporters.JUnitReportReporter -->
<testsuite hostname="LIN-PG02NGHQ" failures="0" tests="6" name="RunnerPackage.RunnerSample" time="110.597" errors="0" timestamp="2024-04-02T14:15:53 IST" skipped="0">
  <testcase classname="RunnerPackage.RunnerSample" name="runScenario" time="16.661"/>
  <system-out/>
  <testcase classname="RunnerPackage.RunnerSample" name="runScenario" time="23.847"/>
  <system-out/>
  <testcase classname="RunnerPackage.RunnerSample" name="runScenario" time="16.119"/>
  <system-out/>
  <testcase classname="RunnerPackage.RunnerSample" name="runScenario" time="17.166"/>
  <system-out/>
  <testcase classname="RunnerPackage.RunnerSample" name="runScenario" time="16.339"/>
  <system-out/>
  <testcase classname="RunnerPackage.RunnerSample" name="runScenario" time="20.465"/>
  <system-out/>
</testsuite> <!-- RunnerPackage.RunnerSample -->
