<?xml version="1.0" encoding="UTF-8"?>
<!-- Generated by org.testng.reporters.JUnitReportReporter -->
<testsuite hostname="LIN-PG02NGHQ" failures="0" tests="2" name="Parameters.PhoneNumberSearch" time="15.714" errors="0" timestamp="2024-04-01T11:12:13 IST" skipped="0">
  <testcase classname="Parameters.PhoneNumberSearch" name="PhoneNumberSearch" time="6.548"/>
  <system-out/>
  <testcase classname="Parameters.PhoneNumberSearch" name="PhoneNumberSearch" time="9.166"/>
  <system-out/>
</testsuite> <!-- Parameters.PhoneNumberSearch -->
